0 info it worked if it ends with ok
1 verbose cli [ 'E:\\Program Files\\Node\\node.exe',
1 verbose cli   'E:\\Program Files\\Node\\node_modules\\npm\\bin\\npm-cli.js',
1 verbose cli   'run',
1 verbose cli   'dev' ]
2 info using npm@3.10.10
3 info using node@v6.10.2
4 verbose run-script [ 'predev', 'dev', 'postdev' ]
5 info lifecycle map-gallery@1.0.0~predev: map-gallery@1.0.0
6 silly lifecycle map-gallery@1.0.0~predev: no script for predev, continuing
7 info lifecycle map-gallery@1.0.0~dev: map-gallery@1.0.0
8 verbose lifecycle map-gallery@1.0.0~dev: unsafe-perm in lifecycle true
9 verbose lifecycle map-gallery@1.0.0~dev: PATH: E:\Program Files\Node\node_modules\npm\bin\node-gyp-bin;F:\2017\JavaScript\Vue.js\MapGallery_Vue-master\node_modules\.bin;E:\Program Files\Python3.6\;E:\Program Files\Python3.6\Scripts;E:\Python2.7.13;E:\Python2.7.13\Scripts;E:\Program Files\Python27\ArcGIS10.2;E:\Program Files\Python27\ArcGIS10.2\Scripts;E:\SuperMap\Bin;C:\ProgramData\Oracle\Java\javapath;C:\Windows\system32;C:\Windows;C:\Windows\System32\Wbem;C:\Windows\System32\WindowsPowerShell\v1.0\;C:\Program Files\Microsoft\Web Platform Installer\;C:\Program Files (x86)\Microsoft ASP.NET\ASP.NET Web Pages\v1.0\;C:\Program Files (x86)\Windows Kits\8.0\Windows Performance Toolkit\;C:\Program Files\Microsoft SQL Server\110\Tools\Binn\;E:\Program Files\Java\bin;C:\Program Files (x86)\ATI Technologies\ATI.ACE\Core-Static;C:\Program Files (x86)\Microsoft SQL Server\100\Tools\Binn\;C:\Program Files (x86)\Microsoft SQL Server\100\DTS\Binn\;C:\Program Files (x86)\Microsoft SQL Server\100\Tools\Binn\VSShell\Common7\IDE\;C:\Program Files (x86)\Microsoft Visual Studio 9.0\Common7\IDE\PrivateAssemblies\;E:\Program Files\ArcSDE\sqlexe\bin\;E:\PHP_Apache\mysql-5.7.10-winx64\bin;E:\Program Files\Node\;E:\PHP_Apache\PHP;E:\PHP_Apache\PHP\ext;E:\Program Files\Mozilla Firefox;E:\apache-maven-3.5.0\bin;E:\Program Files\Git\cmd;E:\Anaconda3\Scripts;E:\Anaconda3;E:\Anaconda3\Lib\site-packages\theano;E:\Anaconda3\MinGW\bin;E:\Anaconda3\MinGW\x86_64-w64-mingw32\lib;E:\OpenBLAS\myOpenBLAS\bin;E:\Android\Android\sdk\platform-tools;C:\Program Files (x86)\GDAL;E:\Program Files\CMake\bin;C:\ProgramData\chocolatey\bin;E:\Program Files\MATLAB\R2012a\runtime\win64;E:\Program Files\MATLAB\R2012a\bin;E:\Program Files\Python3.6\Scripts\;E:\Program Files\Python3.6\;E:\Program Files\Microsoft VS Code\bin;C:\Users\杜杰\AppData\Roaming\npm;C:\ProgramData\chocolatey\lib\msys2;
10 verbose lifecycle map-gallery@1.0.0~dev: CWD: F:\2017\JavaScript\Vue.js\MapGallery_Vue-master
11 silly lifecycle map-gallery@1.0.0~dev: Args: [ '/d /s /c',
11 silly lifecycle   'cross-env NODE_ENV=development webpack-dev-server --open --hot' ]
12 verbose stack Error: kill ENOSYS
12 verbose stack     at exports._errnoException (util.js:1018:11)
12 verbose stack     at process.kill (internal/process.js:190:13)
12 verbose stack     at process.listener (E:\Program Files\Node\node_modules\npm\node_modules\npmlog\node_modules\gauge\node_modules\signal-exit\index.js:86:15)
12 verbose stack     at emitNone (events.js:91:20)
12 verbose stack     at process.emit (events.js:185:7)
12 verbose stack     at processEmit (E:\Program Files\Node\node_modules\npm\node_modules\npmlog\node_modules\gauge\node_modules\signal-exit\index.js:146:32)
12 verbose stack     at processEmit (E:\Program Files\Node\node_modules\npm\node_modules\npm-registry-client\node_modules\npmlog\node_modules\gauge\node_modules\signal-exit\index.js:146:32)
12 verbose stack     at Signal.wrap.onsignal (internal/process.js:217:44)
13 verbose cwd F:\2017\JavaScript\Vue.js\MapGallery_Vue-master
14 error Windows_NT 10.0.10240
15 error argv "E:\\Program Files\\Node\\node.exe" "E:\\Program Files\\Node\\node_modules\\npm\\bin\\npm-cli.js" "run" "dev"
16 error node v6.10.2
17 error npm  v3.10.10
18 error code ENOSYS
19 error errno ENOSYS
20 error syscall kill
21 error kill ENOSYS
22 error If you need help, you may report this error at:
22 error     <https://github.com/npm/npm/issues>
23 verbose exit [ 1, true ]
